<?xml version="1.0" encoding="UTF-8"?>
<testsuite name="Task3Test" tests="1" skipped="0" failures="0" errors="0" timestamp="2020-02-18T15:55:36" hostname="Principals-MBP" time="2.098">
  <properties/>
  <testcase name="start" classname="Task3Test" time="2.098"/>
  <system-out><![CDATA[?[1;31m
Start test 1?[0m
Enter name and surname: >Bill Gates
Enter person's status: >VIP
***************************************************
*  ___  _ _    _         ____ ____ ___ ____ ____  *
*  |__] | |    |         | __ |__|  |  |___ [__   *
*  |__] | |___ |___      |__] |  |  |  |___ ___]  *
*                       VIP                       *
***************************************************
?[1;31m
Start test 2?[0m
Enter name and surname: >Tom Smith
Enter person's status: >Worker
*********************************************
*  ___ ____ _  _      ____ _  _ _ ___ _  _  *
*   |  |  | |\/|      [__  |\/| |  |  |__|  *
*   |  |__| |  |      ___] |  | |  |  |  |  *
*                  Worker                   *
*********************************************
?[1;31m
Start test 3?[0m
Enter name and surname: >Mr Anonimous
Enter person's status: >Participant
**************************************************************
*  _  _ ____      ____ _  _ ____ _  _ _ _  _ ____ _  _ ____  *
*  |\/| |__/      |__| |\ | |  | |\ | | |\/| |  | |  | [__   *
*  |  | |  \      |  | | \| |__| | \| | |  | |__| |__| ___]  *
*                        Participant                         *
**************************************************************
?[1;31m
Start test 4?[0m
Enter name and surname: >X Y
Enter person's status: >VeryVeryLoooooooooongSatus
********************************
*       _  _      _   _        *
*        \/        \_/         *
*       _/\_        |          *
*  VeryVeryLoooooooooongSatus  *
********************************
?[1;31m
Start test 5?[0m
Enter name and surname: >X Y
Enter person's status: >VeryVeryLooooooooooongSatus
*********************************
*        _  _      _   _        *
*         \/        \_/         *
*        _/\_        |          *
*  VeryVeryLooooooooooongSatus  *
*********************************
?[1;31m
Start test 6?[0m
Enter name and surname: >X Y
Enter person's status: >Status  with spaces
*************************
*    _  _      _   _    *
*     \/        \_/     *
*    _/\_        |      *
*  Status  with spaces  *
*************************
?[1;31m
Start test 7?[0m
Enter name and surname: >X Y
Enter person's status: >Status with   spaces!!!
*****************************
*      _  _      _   _      *
*       \/        \_/       *
*      _/\_        |        *
*  Status with   spaces!!!  *
*****************************
?[1;31m
Start test 8?[0m
Enter name and surname: >abcdefghijklmnopqrstuvwxyz Ivan
Enter person's status: >Hello
*********************************************************************************************************************************************************
*  ____ ___  ____ ___  ____ ____ ____ _  _ _  _ _  _ _    _  _ _  _ ____ ___  ____ ____ ____ ___ _  _ _  _ _ _ _ _  _ _   _ ___       _ _  _ ____ _  _  *
*  |__| |__] |    |  \ |___ |___ | __ |__| |  | |_/  |    |\/| |\ | |  | |__] |  | |__/ [__   |  |  | |  | | | |  \/   \_/    /       | |  | |__| |\ |  *
*  |  | |__] |___ |__/ |___ |    |__] |  | | _| | \_ |___ |  | | \| |__| |    |_\| |  \ ___]  |  |__|  \/  |_|_| _/\_   |    /__      |  \/  |  | | \|  *
*                                                                         Hello                                                                         *
*********************************************************************************************************************************************************
]]></system-out>
  <system-err><![CDATA[]]></system-err>
</testsuite>
